2025-12-19 20:14:38,816 - INFO - Initialized run directory: experiments/run_20251219_201438
2025-12-19 20:14:38,816 - INFO - ==========================================
2025-12-19 20:14:38,816 - INFO -    SBTS Advanced: Real Data Pipeline      
2025-12-19 20:14:38,816 - INFO - ==========================================

2025-12-19 20:14:38,817 - INFO - Hyperparameters saved to experiments/run_20251219_201438/hyperparameters.json
2025-12-19 20:14:38,817 - INFO - [Data] Mode: Real Data (SPY)
2025-12-19 20:14:39,318 - INFO - [Stats] Mean Return: 0.00050, Volatility: 0.01363
2025-12-19 20:14:39,318 - INFO - 
[Calibration] Fitting Local Volatility Surface...
2025-12-19 20:14:58,605 - INFO -    Bandwidth used: 0.5
2025-12-19 20:14:58,606 - INFO - 
[Estimator 1] Fitting Kernel Drift...
2025-12-19 20:14:58,606 - INFO - 
[Estimator 2] Training LSTM Drift...
2025-12-19 20:15:20,867 - INFO - 
[Generation] Simulating paths...
2025-12-19 20:15:20,867 - INFO -    Generating 946 test paths (limited by data availability)...
2025-12-19 20:16:39,466 - INFO - 
[Visualization] Producing Plots...
2025-12-19 20:16:39,896 - INFO -    Saved returns plot to: experiments/run_20251219_201438/returns_comparison.png
2025-12-19 20:16:40,140 - INFO -    Saved price plot to: experiments/run_20251219_201438/price_reconstruction.png
2025-12-19 20:16:40,140 - INFO - 
[Done] All results saved in: experiments/run_20251219_201438
