2025-12-27 18:20:29,500 - INFO - Initialized run directory: experiments/run_20251227_182029
2025-12-27 18:20:29,500 - INFO - ==========================================
2025-12-27 18:20:29,500 - INFO -    SBTS Advanced: Jump-Diffusion Pipeline 
2025-12-27 18:20:29,500 - INFO -    (With Volatility Purification)         
2025-12-27 18:20:29,500 - INFO - ==========================================

2025-12-27 18:20:29,500 - INFO - Hyperparameters saved to experiments/run_20251227_182029/hyperparameters.json
2025-12-27 18:20:29,500 - INFO - [Data] Mode: Real Data (SPY)
2025-12-27 18:20:30,759 - INFO - [Stats] Mean: 0.00050, Vol: 0.01363
2025-12-27 18:20:30,759 - INFO - 
[Jumps] Detecting jumps in training data...
2025-12-27 18:20:30,760 - INFO -    [Purification] Removing jumps from data for volatility calibration...
2025-12-27 18:20:30,761 - INFO -    [Purification] Data clipped to range [-0.0026, 0.0026]
2025-12-27 18:20:30,761 - INFO - 
[Calibration] Fitting Local Volatility Surface...
2025-12-27 18:20:57,364 - INFO - 
[Estimator 1] Kernel Drift Estimator
2025-12-27 18:20:57,366 - INFO -    Running Bayesian Optimization for Bandwidth...
2025-12-27 18:20:57,368 - INFO -    [BayesOpt] Base h=0.0016. Search Space: [0.00016, 0.01610]
2025-12-27 18:20:57,369 - INFO -    [BayesOpt] Starting optimization with 20 trials...
2025-12-27 18:26:14,282 - INFO -    [BayesOpt] Best Bandwidth Found: 0.00138 (MSE: 0.000155)
2025-12-27 18:26:14,608 - INFO -    Optimization Plot saved.
2025-12-27 18:26:14,608 - INFO - 
[Estimator 2] Training LSTM Drift...
2025-12-27 18:26:49,879 - INFO - 
[Generation] Simulating paths...
2025-12-27 18:26:49,880 - INFO -    Generating 946 test paths...
2025-12-27 18:27:57,982 - INFO - 
[Visualization] Producing Plots...
2025-12-27 18:27:58,381 - INFO -    Saved returns plot to: experiments/run_20251227_182029/returns_comparison.png
2025-12-27 18:27:58,622 - INFO -    Saved price plot to: experiments/run_20251227_182029/price_reconstruction.png
2025-12-27 18:27:58,622 - INFO - 
[Done] All results saved in: experiments/run_20251227_182029
