2025-12-29 22:41:23,513 - INFO - Initialized run directory: experiments/run_20251229_224123
2025-12-29 22:41:23,513 - INFO - ==========================================
2025-12-29 22:41:23,513 - INFO -    SBTS Benchmark: Comparison Report      
2025-12-29 22:41:23,513 - INFO - ==========================================

2025-12-29 22:41:23,513 - INFO - Hyperparameters saved to experiments/run_20251229_224123/hyperparameters.json
2025-12-29 22:41:23,515 - INFO - [Data] Mode: Real Data (5 Assets)
2025-12-29 22:41:24,226 - INFO - 
[Jumps] Detecting...
2025-12-29 22:41:24,234 - INFO - 
[Calibration] Fitting Volatility...
2025-12-29 22:41:48,138 - INFO - 
>>> Pipeline: Kernel
2025-12-29 22:41:48,139 - INFO -    [Opt] Bandwidth BayesOpt...
2025-12-29 22:41:48,140 - INFO -    [BayesOpt] Base h=0.0013. Search Space: [0.00013, 0.01267]
2025-12-29 22:41:48,140 - INFO -    [BayesOpt] Starting optimization with 15 trials...
2025-12-29 22:46:39,639 - INFO -    [BayesOpt] Best Bandwidth Found: 0.00598 (MSE: 0.000189)
2025-12-29 22:46:39,930 - INFO -    [Gen] Simulating 500 paths...
2025-12-29 22:47:18,408 - INFO - 
>>> Pipeline: SBTS-LSTM
2025-12-29 22:47:45,994 - INFO -    [Gen] Simulating 500 paths...
2025-12-29 22:47:49,558 - INFO - 
>>> Pipeline: LightSB
2025-12-29 22:47:49,559 - INFO -    [LightSB] Training GMM...
2025-12-29 22:47:52,410 - INFO -    [Gen] Simulating 500 paths...
2025-12-29 22:47:55,994 - INFO - 
[Visualization] Generating Reports...
2025-12-29 22:47:57,432 - INFO - 
[Done] Results saved in: experiments/run_20251229_224123
2025-12-29 22:47:57,575 - INFO -    [Vis] Plotting Volatility Surface...
2025-12-29 22:47:57,576 - INFO - 
[Done] Full Benchmark Complete. Results in: experiments/run_20251229_224123
