2025-12-21 11:19:24,336 - INFO - Initialized run directory: experiments/run_20251221_111924
2025-12-21 11:19:24,336 - INFO - ==========================================
2025-12-21 11:19:24,336 - INFO -    SBTS Advanced: Bayesian Pipeline       
2025-12-21 11:19:24,336 - INFO - ==========================================

2025-12-21 11:19:24,336 - INFO - Hyperparameters saved to experiments/run_20251221_111924/hyperparameters.json
2025-12-21 11:19:24,336 - INFO - [Data] Mode: Real Data (SPY)
2025-12-21 11:19:24,766 - INFO - [Stats] Mean: 0.00050, Vol: 0.01363
2025-12-21 11:19:24,766 - INFO - 
[Calibration] Fitting Local Volatility Surface...
2025-12-21 11:19:45,043 - INFO - 
[Estimator 1] Kernel Drift Estimator
2025-12-21 11:19:45,044 - INFO -    Running Bayesian Optimization for Bandwidth...
2025-12-21 11:19:45,045 - INFO -    [BayesOpt] Base h=0.0016. Search Space: [0.00016, 0.01610]
2025-12-21 11:19:45,045 - INFO -    [BayesOpt] Starting optimization with 20 trials...
2025-12-21 11:23:59,486 - INFO -    [BayesOpt] Best Bandwidth Found: 0.01600 (MSE: 0.005240)
2025-12-21 11:23:59,842 - INFO -    Optimization Plot saved.
2025-12-21 11:23:59,842 - INFO - 
[Estimator 2] Training LSTM Drift...
2025-12-21 11:24:31,719 - INFO - 
[Generation] Simulating paths...
2025-12-21 11:24:31,720 - INFO -    Generating 946 test paths...
2025-12-21 11:25:26,560 - INFO - 
[Visualization] Producing Plots...
2025-12-21 11:25:26,873 - INFO -    Saved returns plot to: experiments/run_20251221_111924/returns_comparison.png
2025-12-21 11:25:27,077 - INFO -    Saved price plot to: experiments/run_20251221_111924/price_reconstruction.png
2025-12-21 11:25:27,077 - INFO - 
[Done] All results saved in: experiments/run_20251221_111924
