2025-12-20 12:33:28,278 - INFO - Initialized run directory: experiments/run_20251220_123328
2025-12-20 12:33:28,278 - INFO - ==========================================
2025-12-20 12:33:28,278 - INFO -    SBTS Advanced: Optimized Pipeline      
2025-12-20 12:33:28,278 - INFO - ==========================================

2025-12-20 12:33:28,278 - INFO - Hyperparameters saved to experiments/run_20251220_123328/hyperparameters.json
2025-12-20 12:33:28,278 - INFO - [Data] Mode: Real Data (SPY)
2025-12-20 12:33:28,680 - INFO - [Stats] Mean: 0.00050, Vol: 0.01363
2025-12-20 12:33:28,681 - INFO - 
[Calibration] Fitting Local Volatility Surface...
2025-12-20 12:33:47,525 - INFO - 
[Estimator 1] Kernel Drift Estimator
2025-12-20 12:33:47,525 - INFO -    Running Cross-Validation for Bandwidth Selection...
2025-12-20 12:33:47,526 - INFO -    [CV] Generated candidates based on Silverman (0.0016): [0.000161   0.00024866 0.00038405 0.00059315 0.00091609 0.00141485
 0.00218517 0.00337489 0.00521236 0.00805025]
2025-12-20 12:33:47,526 - INFO -    [CV] Starting 3-Fold CV on 500 trajectories...
2025-12-20 12:36:57,967 - INFO -    [CV] Best Bandwidth: 0.0081 (MSE: 0.006883)
2025-12-20 12:36:58,255 - INFO -    CV Plot saved. Selected h=0.0081
2025-12-20 12:36:58,255 - INFO - 
[Estimator 2] Training LSTM Drift...
2025-12-20 12:37:20,902 - INFO - 
[Generation] Simulating paths...
2025-12-20 12:37:20,903 - INFO -    Generating 946 test paths...
2025-12-20 12:38:37,759 - INFO - 
[Visualization] Producing Plots...
2025-12-20 12:38:38,033 - INFO -    Saved returns plot to: experiments/run_20251220_123328/returns_comparison.png
2025-12-20 12:38:38,213 - INFO -    Saved price plot to: experiments/run_20251220_123328/price_reconstruction.png
2025-12-20 12:38:38,213 - INFO - 
[Done] All results saved in: experiments/run_20251220_123328
