2025-12-30 12:52:57,891 - INFO - Initialized run directory: experiments/run_20251230_125257
2025-12-30 12:52:57,891 - INFO - ==========================================
2025-12-30 12:52:57,891 - INFO -    SBTS Benchmark: Comparison Report      
2025-12-30 12:52:57,891 - INFO - ==========================================

2025-12-30 12:52:57,891 - INFO - Hyperparameters saved to experiments/run_20251230_125257/hyperparameters.json
2025-12-30 12:52:57,892 - INFO - [Data] Mode: Real Data (5 Assets)
2025-12-30 12:52:58,263 - INFO - 
[Jumps] Detecting jumps (Global)...
2025-12-30 12:52:58,271 - INFO -    [Vis] Plotting improved jump visualizations...
2025-12-30 12:52:59,786 - INFO - 
[Calibration] Fitting Volatility...
2025-12-30 12:53:23,972 - INFO - 
>>> Pipeline: Kernel
2025-12-30 12:53:23,973 - INFO -    [Opt] Bandwidth BayesOpt...
2025-12-30 12:53:23,974 - INFO -    [BayesOpt] Base h=0.0013. Search Space: [0.00013, 0.01267]
2025-12-30 12:53:23,975 - INFO -    [BayesOpt] Starting optimization with 15 trials...
2025-12-30 12:57:01,376 - INFO -    [BayesOpt] Best Bandwidth Found: 0.00517 (MSE: 0.000173)
2025-12-30 12:57:01,512 - INFO -    [Gen] Simulating 500 paths...
2025-12-30 12:57:40,232 - INFO - 
>>> Pipeline: SBTS-LSTM
2025-12-30 12:58:09,875 - INFO -    [Gen] Simulating 500 paths...
2025-12-30 12:58:13,509 - INFO - 
>>> Pipeline: LightSB
2025-12-30 12:58:13,510 - INFO -    [LightSB] Training GMM...
2025-12-30 12:58:16,426 - INFO -    [Gen] Simulating 500 paths...
2025-12-30 12:58:20,069 - INFO - 
[Visualization] Generating Reports...
2025-12-30 12:58:21,586 - INFO - 
[Done] Results saved in: experiments/run_20251230_125257
2025-12-30 12:58:21,728 - INFO -    [Vis] Plotting Volatility Surface...
2025-12-30 12:58:22,163 - INFO - 
[Done] Full Benchmark Complete. Results in: experiments/run_20251230_125257
