2025-12-27 18:04:23,500 - INFO - Initialized run directory: experiments/run_20251227_180423
2025-12-27 18:04:23,500 - INFO - ==========================================
2025-12-27 18:04:23,500 - INFO -    SBTS Advanced: Jump-Diffusion Pipeline 
2025-12-27 18:04:23,500 - INFO - ==========================================

2025-12-27 18:04:23,500 - INFO - Hyperparameters saved to experiments/run_20251227_180423/hyperparameters.json
2025-12-27 18:04:23,501 - INFO - [Data] Mode: Real Data (SPY)
2025-12-27 18:04:25,555 - INFO - [Stats] Mean: 0.00050, Vol: 0.01363
2025-12-27 18:04:25,555 - INFO - 
[Jumps] Detecting jumps in training data...
2025-12-27 18:04:25,557 - INFO - 
[Calibration] Fitting Local Volatility Surface...
2025-12-27 18:04:50,305 - INFO - 
[Estimator 1] Kernel Drift Estimator
2025-12-27 18:04:50,307 - INFO - 
[Estimator 2] Training LSTM Drift...
2025-12-27 18:05:25,209 - INFO - 
[Generation] Simulating paths (Jump-Diffusion)...
2025-12-27 18:05:25,209 - INFO -    -> Using Jump-Diffusion Reference Measure
2025-12-27 18:06:32,605 - INFO - 
[Visualization] Producing Plots...
2025-12-27 18:06:33,146 - INFO -    Saved returns plot to: experiments/run_20251227_180423/returns_comparison.png
2025-12-27 18:06:33,371 - INFO -    Saved price plot to: experiments/run_20251227_180423/price_reconstruction.png
2025-12-27 18:06:33,371 - INFO - 
[Done] All results saved in: experiments/run_20251227_180423
