2025-12-29 23:17:53,763 - INFO - Initialized run directory: experiments/run_20251229_231753
2025-12-29 23:17:53,763 - INFO - ==========================================
2025-12-29 23:17:53,763 - INFO -    SBTS Benchmark: Comparison Report      
2025-12-29 23:17:53,763 - INFO - ==========================================

2025-12-29 23:17:53,763 - INFO - Hyperparameters saved to experiments/run_20251229_231753/hyperparameters.json
2025-12-29 23:17:53,763 - INFO - [Data] Mode: Real Data (5 Assets)
2025-12-29 23:17:54,250 - INFO - 
[Jumps] Detecting...
2025-12-29 23:17:54,257 - INFO - 
[Calibration] Fitting Volatility...
2025-12-29 23:18:14,468 - INFO - 
>>> Pipeline: Kernel
2025-12-29 23:18:14,469 - INFO -    [Opt] Bandwidth BayesOpt...
2025-12-29 23:18:14,469 - INFO -    [BayesOpt] Base h=0.0013. Search Space: [0.00013, 0.01267]
2025-12-29 23:18:14,470 - INFO -    [BayesOpt] Starting optimization with 15 trials...
2025-12-29 23:21:03,866 - INFO -    [BayesOpt] Best Bandwidth Found: 0.00574 (MSE: 0.000186)
2025-12-29 23:21:04,114 - INFO -    [Gen] Simulating 500 paths...
2025-12-29 23:21:34,131 - INFO - 
>>> Pipeline: SBTS-LSTM
2025-12-29 23:21:57,476 - INFO -    [Gen] Simulating 500 paths...
2025-12-29 23:22:00,368 - INFO - 
>>> Pipeline: LightSB
2025-12-29 23:22:00,370 - INFO -    [LightSB] Training GMM...
2025-12-29 23:22:02,942 - INFO -    [Gen] Simulating 500 paths...
2025-12-29 23:22:05,814 - INFO - 
[Visualization] Generating Reports...
2025-12-29 23:22:07,010 - INFO - 
[Done] Results saved in: experiments/run_20251229_231753
2025-12-29 23:22:07,131 - INFO -    [Vis] Plotting Volatility Surface...
2025-12-29 23:22:07,539 - INFO - 
[Done] Full Benchmark Complete. Results in: experiments/run_20251229_231753
